[2013-09-05 10:58:39] START
[2013-09-05 11:02:27] EDIT asterisk_cdr/models/db.py: 1
[2013-09-05 11:32:11] EDIT asterisk_cdr/models/db.py: 0
[2013-09-05 11:34:13] EDIT asterisk_cdr/models/db.py: 0
[2013-09-05 11:43:30] EDIT asterisk_cdr/models/db.py: 1
[2013-09-05 11:47:12] EDIT asterisk_cdr/models/db.py: 0
[2013-09-05 11:47:30] EDIT asterisk_cdr/models/db.py: 0
[2013-09-05 11:49:44] EDIT asterisk_cdr/models/db.py: 0
[2013-09-05 11:57:27] EDIT asterisk_cdr/models/db.py: 0
[2013-09-05 11:58:53] EDIT asterisk_cdr/views/default/index.html: 0
[2013-09-05 11:59:49] EDIT asterisk_cdr/views/layout.html: 0
[2013-09-05 12:00:16] EDIT asterisk_cdr/views/layout.html: 0
[2013-09-05 12:01:28] EDIT asterisk_cdr/views/default/index.html: 0
[2013-09-05 12:02:52] EDIT asterisk_cdr/controllers/default.py: 0
[2013-09-05 12:04:29] EDIT asterisk_cdr/models/menu.py: 0
[2013-09-05 12:05:17] EDIT asterisk_cdr/views/default/index.html: -10
[2013-09-05 14:31:14] EDIT asterisk_cdr/controllers/default.py: 1
[2013-09-05 14:36:11] EDIT asterisk_cdr/controllers/default.py: 1
[2013-09-05 14:36:31] EDIT asterisk_cdr/controllers/default.py: 0
[2013-09-05 14:36:49] EDIT asterisk_cdr/views/default/index.html: 1
[2013-09-05 15:02:54] EDIT asterisk_cdr/views/default/index.html: 2
[2013-09-05 15:02:58] EDIT asterisk_cdr/views/default/index.html: 0
[2013-09-05 15:04:23] EDIT asterisk_cdr/views/default/index.html: 0
[2013-09-05 15:06:10] EDIT asterisk_cdr/views/default/index.html: 0
[2013-09-05 15:07:03] EDIT asterisk_cdr/views/default/index.html: -7
[2013-09-05 15:07:49] EDIT asterisk_cdr/views/default/index.html: 1
[2013-09-05 15:08:16] EDIT asterisk_cdr/views/default/index.html: -1
[2013-09-05 15:10:27] EDIT asterisk_cdr/views/default/index.html: 1
[2013-09-05 15:10:57] EDIT asterisk_cdr/views/default/index.html: 0
[2013-09-05 15:44:21] EDIT asterisk_cdr/models/db.py: 18
[2013-09-05 15:50:36] EDIT asterisk_cdr/models/db.py: 0
[2013-09-05 15:54:14] EDIT asterisk_cdr/models/db.py: 0
[2013-09-05 15:57:01] EDIT asterisk_cdr/models/db.py: 0
[2013-09-05 15:57:44] EDIT asterisk_cdr/controllers/default.py: 0
[2013-09-05 15:57:58] EDIT asterisk_cdr/views/default/index.html: 1
[2013-09-05 15:58:33] EDIT asterisk_cdr/views/default/index.html: -5
[2013-09-05 15:59:15] EDIT asterisk_cdr/views/default/index.html: -10
[2013-09-05 15:59:52] EDIT asterisk_cdr/views/default/index.html: -1
[2013-09-05 16:12:37] EDIT asterisk_cdr/controllers/default.py: 0
[2013-09-05 16:14:17] EDIT asterisk_cdr/controllers/default.py: 0
[2013-09-05 16:14:58] EDIT asterisk_cdr/controllers/default.py: 0
[2013-09-05 16:16:39] EDIT asterisk_cdr/controllers/default.py: 0
[2013-09-05 16:18:16] EDIT asterisk_cdr/controllers/default.py: 0
[2013-09-05 16:23:10] EDIT asterisk_cdr/controllers/default.py: 0
[2013-09-05 16:23:30] EDIT asterisk_cdr/controllers/default.py: 0
[2013-09-05 16:36:15] EDIT asterisk_cdr/views/default/index.html: 0
[2013-09-05 16:39:51] EDIT asterisk_cdr/models/menu.py: 0
[2013-09-05 18:10:39] EDIT asterisk_cdr/models/menu.py: 0
[2013-09-05 18:11:06] EDIT asterisk_cdr/views/default/index.html: -1
[2013-09-05 18:41:28] EDIT asterisk_cdr/models/menu.py: 0
[2013-09-09 18:07:42] EDIT asterisk_cdr/models/db.py: 5
[2013-09-10 12:41:37] EDIT asterisk_cdr/models/db.py: -5
[2013-09-10 12:42:40] EDIT asterisk_cdr/models/db.py: 5
[2013-09-10 16:47:44] CREATE default/logview.html: 0
[2013-09-16 14:07:11] EDIT asterisk_cdr/models/db.py: 1
[2013-09-16 14:09:11] EDIT asterisk_cdr/models/db.py: -1
[2013-09-16 15:30:06] EDIT asterisk_cdr/models/db.py: 1
[2013-09-16 15:30:41] EDIT asterisk_cdr/models/db.py: 0
[2013-09-16 15:31:05] EDIT asterisk_cdr/models/db.py: -1
[2013-09-18 14:29:27] EDIT asterisk_cdr/controllers/default.py: 0
[2013-09-18 14:29:31] EDIT asterisk_cdr/controllers/default.py: 0
[2013-09-18 14:33:23] EDIT asterisk_cdr/controllers/default.py: 0
[2013-09-18 14:38:47] EDIT asterisk_cdr/controllers/default.py: 3
[2013-09-18 14:39:58] EDIT asterisk_cdr/controllers/default.py: 0
[2013-09-18 14:40:42] EDIT asterisk_cdr/controllers/default.py: 0
[2013-09-18 14:41:23] EDIT asterisk_cdr/controllers/default.py: 0
[2013-09-18 14:43:23] EDIT asterisk_cdr/controllers/default.py: 0
[2013-09-18 14:44:30] EDIT asterisk_cdr/controllers/default.py: 0
[2013-09-18 14:49:52] EDIT asterisk_cdr/controllers/default.py: 1
[2013-09-18 15:37:33] EDIT asterisk_cdr/controllers/default.py: 1
[2013-09-18 15:39:14] EDIT asterisk_cdr/controllers/default.py: 3
[2013-09-18 15:39:48] EDIT asterisk_cdr/controllers/default.py: 1
[2013-09-18 15:40:06] EDIT asterisk_cdr/controllers/default.py: 0
[2013-09-18 15:51:01] EDIT asterisk_cdr/controllers/default.py: 1
[2013-09-18 15:51:43] EDIT asterisk_cdr/controllers/default.py: 1
[2013-09-18 15:52:42] EDIT asterisk_cdr/controllers/default.py: 1
[2013-09-18 15:54:10] EDIT asterisk_cdr/controllers/default.py: 5
[2013-09-18 16:35:01] EDIT asterisk_cdr/views/default/logview.html: -1
[2013-09-19 10:57:28] EDIT asterisk_cdr/controllers/default.py: 8
[2013-09-19 10:59:55] EDIT asterisk_cdr/controllers/default.py: 0
[2013-09-19 11:02:31] EDIT asterisk_cdr/controllers/default.py: 7
[2013-09-19 11:14:17] EDIT asterisk_cdr/models/db.py: 0
[2013-09-19 11:15:23] EDIT asterisk_cdr/models/db.py: 0
[2013-09-19 11:15:36] EDIT asterisk_cdr/models/db.py: 0
[2013-09-19 11:16:38] EDIT asterisk_cdr/models/db.py: 0
[2013-09-19 11:17:56] EDIT asterisk_cdr/views/default/index.html: 1
[2013-09-19 11:22:51] EDIT asterisk_cdr/controllers/default.py: 0
[2013-09-19 11:23:14] EDIT asterisk_cdr/controllers/default.py: 0
[2013-09-19 11:23:28] EDIT asterisk_cdr/controllers/default.py: 0
[2013-09-19 11:24:54] EDIT asterisk_cdr/controllers/default.py: 0
[2013-09-19 14:57:40] EDIT asterisk_cdr/models/db.py: 0
[2013-09-19 14:59:01] EDIT asterisk_cdr/models/db.py: 0
[2013-09-19 16:03:58] EDIT asterisk_cdr/controllers/default.py: 0
[2013-09-19 16:05:51] EDIT asterisk_cdr/controllers/default.py: 0
[2013-09-19 16:06:17] EDIT asterisk_cdr/controllers/default.py: 0
[2013-09-19 16:07:12] EDIT asterisk_cdr/controllers/default.py: 0
[2013-09-19 16:07:40] EDIT asterisk_cdr/controllers/default.py: 0
[2013-09-19 16:19:18] EDIT asterisk_cdr/controllers/default.py: 1
[2013-09-19 16:23:24] EDIT asterisk_cdr/controllers/default.py: 0
[2013-09-19 16:26:32] EDIT asterisk_cdr/controllers/default.py: 14
[2013-09-19 16:28:55] EDIT asterisk_cdr/controllers/default.py: 8
[2013-09-19 16:29:30] EDIT asterisk_cdr/controllers/default.py: 0
[2013-09-20 10:53:46] EDIT asterisk_cdr/views/default/logview.html: 17
[2013-09-20 11:01:37] EDIT asterisk_cdr/views/layout.html: 1
[2013-09-20 11:15:05] EDIT asterisk_cdr/views/default/logview.html: 1
[2013-09-20 11:17:17] EDIT asterisk_cdr/views/default/logview.html: -3
[2013-09-20 11:17:47] EDIT asterisk_cdr/views/default/logview.html: 0
[2013-09-20 11:18:14] EDIT asterisk_cdr/views/default/logview.html: 0
[2013-09-20 11:23:39] EDIT asterisk_cdr/views/default/logview.html: 0
[2013-09-20 11:25:05] EDIT asterisk_cdr/views/default/logview.html: 0
[2013-09-20 11:25:28] EDIT asterisk_cdr/views/default/logview.html: 0
[2013-09-20 11:26:18] EDIT asterisk_cdr/views/default/logview.html: 0
[2018-01-14 13:04:41] EDIT asterisk/models/db.py: 0
[2018-01-14 13:23:34] EDIT asterisk/models/db.py: 0
[2018-01-14 13:23:37] EDIT asterisk/models/db.py: 0
[2018-01-14 14:58:10] EDIT asterisk/models/db.py: 0
