timestamp: 2013-09-05T11:47:33.004983
CREATE TABLE auth_user(
    id INT AUTO_INCREMENT NOT NULL,
    first_name VARCHAR(128),
    last_name VARCHAR(128),
    email VARCHAR(512),
    username VARCHAR(128),
    password VARCHAR(512),
    registration_key VARCHAR(512),
    reset_password_key VARCHAR(512),
    registration_id VARCHAR(512),
    PRIMARY KEY(id)
) ENGINE=InnoDB CHARACTER SET utf8;
success!
timestamp: 2013-09-05T11:47:33.081195
CREATE TABLE auth_group(
    id INT AUTO_INCREMENT NOT NULL,
    role VARCHAR(512),
    description LONGTEXT,
    PRIMARY KEY(id)
) ENGINE=InnoDB CHARACTER SET utf8;
success!
timestamp: 2013-09-05T11:47:33.127653
CREATE TABLE auth_membership(
    id INT AUTO_INCREMENT NOT NULL,
    user_id INT, INDEX user_id__idx (user_id), FOREIGN KEY (user_id) REFERENCES auth_user (id) ON DELETE CASCADE,
    group_id INT, INDEX group_id__idx (group_id), FOREIGN KEY (group_id) REFERENCES auth_group (id) ON DELETE CASCADE,
    PRIMARY KEY(id)
) ENGINE=InnoDB CHARACTER SET utf8;
success!
timestamp: 2013-09-05T11:47:33.224022
CREATE TABLE auth_permission(
    id INT AUTO_INCREMENT NOT NULL,
    group_id INT, INDEX group_id__idx (group_id), FOREIGN KEY (group_id) REFERENCES auth_group (id) ON DELETE CASCADE,
    name VARCHAR(512),
    table_name VARCHAR(512),
    record_id INT,
    PRIMARY KEY(id)
) ENGINE=InnoDB CHARACTER SET utf8;
success!
timestamp: 2013-09-05T11:47:33.276982
CREATE TABLE auth_event(
    id INT AUTO_INCREMENT NOT NULL,
    time_stamp DATETIME,
    client_ip VARCHAR(512),
    user_id INT, INDEX user_id__idx (user_id), FOREIGN KEY (user_id) REFERENCES auth_user (id) ON DELETE CASCADE,
    origin VARCHAR(512),
    description LONGTEXT,
    PRIMARY KEY(id)
) ENGINE=InnoDB CHARACTER SET utf8;
success!
timestamp: 2013-09-05T11:47:33.346269
CREATE TABLE auth_cas(
    id INT AUTO_INCREMENT NOT NULL,
    user_id INT, INDEX user_id__idx (user_id), FOREIGN KEY (user_id) REFERENCES auth_user (id) ON DELETE CASCADE,
    created_on DATETIME,
    service VARCHAR(512),
    ticket VARCHAR(512),
    renew CHAR(1),
    PRIMARY KEY(id)
) ENGINE=InnoDB CHARACTER SET utf8;
success!
timestamp: 2013-09-10T14:58:48.188041
CREATE TABLE phonebook(
    id INT AUTO_INCREMENT NOT NULL,
    office INT NOT NULL,
    office_name VARCHAR(512),
    fio VARCHAR(512),
    internal VARCHAR(512),
    external VARCHAR(512),
    PRIMARY KEY(id)
) ENGINE=InnoDB CHARACTER SET utf8;
success!
timestamp: 2013-09-19T14:57:43.608724
ALTER TABLE phonebook ADD office__tmp VARCHAR(512) NOT NULL;
success!
UPDATE phonebook SET office__tmp=office;
success!
ALTER TABLE phonebook DROP COLUMN office;
success!
ALTER TABLE phonebook ADD office VARCHAR(512) NOT NULL;
success!
UPDATE phonebook SET office=office__tmp;
success!
ALTER TABLE phonebook DROP COLUMN office__tmp;
success!
success!
timestamp: 2013-09-19T14:59:05.087779
ALTER TABLE phonebook ADD office__tmp INT NOT NULL;
success!
UPDATE phonebook SET office__tmp=office;
success!
ALTER TABLE phonebook DROP COLUMN office;
success!
ALTER TABLE phonebook ADD office INT NOT NULL;
success!
UPDATE phonebook SET office=office__tmp;
success!
ALTER TABLE phonebook DROP COLUMN office__tmp;
success!
success!
timestamp: 2018-01-14T13:04:46.201958
CREATE TABLE `auth_user`(
    `id` INT AUTO_INCREMENT NOT NULL,
    `first_name` VARCHAR(128),
    `last_name` VARCHAR(128),
    `email` VARCHAR(512),
    `username` VARCHAR(128),
    `password` VARCHAR(512),
    `registration_key` VARCHAR(512),
    `reset_password_key` VARCHAR(512),
    `registration_id` VARCHAR(512),
    PRIMARY KEY (`id`)
) ENGINE=InnoDB CHARACTER SET utf8;
timestamp: 2018-01-14T13:05:38.129001
CREATE TABLE `auth_user`(
    `id` INT AUTO_INCREMENT NOT NULL,
    `first_name` VARCHAR(128),
    `last_name` VARCHAR(128),
    `email` VARCHAR(512),
    `username` VARCHAR(128),
    `password` VARCHAR(512),
    `registration_key` VARCHAR(512),
    `reset_password_key` VARCHAR(512),
    `registration_id` VARCHAR(512),
    PRIMARY KEY (`id`)
) ENGINE=InnoDB CHARACTER SET utf8;
timestamp: 2018-01-14T13:06:38.121535
CREATE TABLE `auth_user`(
    `id` INT AUTO_INCREMENT NOT NULL,
    `first_name` VARCHAR(128),
    `last_name` VARCHAR(128),
    `email` VARCHAR(512),
    `username` VARCHAR(128),
    `password` VARCHAR(512),
    `registration_key` VARCHAR(512),
    `reset_password_key` VARCHAR(512),
    `registration_id` VARCHAR(512),
    PRIMARY KEY (`id`)
) ENGINE=InnoDB CHARACTER SET utf8;
timestamp: 2018-01-14T13:07:38.127658
CREATE TABLE `auth_user`(
    `id` INT AUTO_INCREMENT NOT NULL,
    `first_name` VARCHAR(128),
    `last_name` VARCHAR(128),
    `email` VARCHAR(512),
    `username` VARCHAR(128),
    `password` VARCHAR(512),
    `registration_key` VARCHAR(512),
    `reset_password_key` VARCHAR(512),
    `registration_id` VARCHAR(512),
    PRIMARY KEY (`id`)
) ENGINE=InnoDB CHARACTER SET utf8;
timestamp: 2018-01-14T13:08:20.167029
CREATE TABLE `auth_user`(
    `id` INT AUTO_INCREMENT NOT NULL,
    `first_name` VARCHAR(128),
    `last_name` VARCHAR(128),
    `email` VARCHAR(512),
    `username` VARCHAR(128),
    `password` VARCHAR(512),
    `registration_key` VARCHAR(512),
    `reset_password_key` VARCHAR(512),
    `registration_id` VARCHAR(512),
    PRIMARY KEY (`id`)
) ENGINE=InnoDB CHARACTER SET utf8;
success!
timestamp: 2018-01-14T13:08:20.650867
CREATE TABLE `auth_group`(
    `id` INT AUTO_INCREMENT NOT NULL,
    `role` VARCHAR(512),
    `description` LONGTEXT,
    PRIMARY KEY (`id`)
) ENGINE=InnoDB CHARACTER SET utf8;
success!
timestamp: 2018-01-14T13:08:21.338653
CREATE TABLE `auth_membership`(
    `id` INT AUTO_INCREMENT NOT NULL,
    `user_id` INT  , INDEX `user_id__idx` (`user_id`), FOREIGN KEY (`user_id`) REFERENCES `auth_user` (`id`) ON DELETE CASCADE,
    `group_id` INT  , INDEX `group_id__idx` (`group_id`), FOREIGN KEY (`group_id`) REFERENCES `auth_group` (`id`) ON DELETE CASCADE,
    PRIMARY KEY (`id`)
) ENGINE=InnoDB CHARACTER SET utf8;
success!
timestamp: 2018-01-14T13:08:22.122620
CREATE TABLE `auth_permission`(
    `id` INT AUTO_INCREMENT NOT NULL,
    `group_id` INT  , INDEX `group_id__idx` (`group_id`), FOREIGN KEY (`group_id`) REFERENCES `auth_group` (`id`) ON DELETE CASCADE,
    `name` VARCHAR(512),
    `table_name` VARCHAR(512),
    `record_id` INTEGER,
    PRIMARY KEY (`id`)
) ENGINE=InnoDB CHARACTER SET utf8;
success!
timestamp: 2018-01-14T13:08:22.563225
CREATE TABLE `auth_event`(
    `id` INT AUTO_INCREMENT NOT NULL,
    `time_stamp` DATETIME,
    `client_ip` VARCHAR(512),
    `user_id` INT  , INDEX `user_id__idx` (`user_id`), FOREIGN KEY (`user_id`) REFERENCES `auth_user` (`id`) ON DELETE CASCADE,
    `origin` VARCHAR(512),
    `description` LONGTEXT,
    PRIMARY KEY (`id`)
) ENGINE=InnoDB CHARACTER SET utf8;
success!
timestamp: 2018-01-14T13:08:23.216877
CREATE TABLE `auth_cas`(
    `id` INT AUTO_INCREMENT NOT NULL,
    `user_id` INT  , INDEX `user_id__idx` (`user_id`), FOREIGN KEY (`user_id`) REFERENCES `auth_user` (`id`) ON DELETE CASCADE,
    `created_on` DATETIME,
    `service` VARCHAR(512),
    `ticket` VARCHAR(512),
    `renew` CHAR(1),
    PRIMARY KEY (`id`)
) ENGINE=InnoDB CHARACTER SET utf8;
success!
timestamp: 2018-01-14T13:08:24.020314
CREATE TABLE `phonebook`(
    `id` INT AUTO_INCREMENT NOT NULL,
    `office` INTEGER NOT NULL,
    `office_name` VARCHAR(512),
    `fio` VARCHAR(512),
    `internal` VARCHAR(512),
    `external` VARCHAR(512),
    PRIMARY KEY (`id`)
) ENGINE=InnoDB CHARACTER SET utf8;
success!
